<?xml version="1.0" encoding="utf-8" standalone="no"?>
<!--This file represents the results of running a test suite-->
<test-results name="D:\Home\MassTransit\build_output\MassTransit\MassTransit.LegacySupport.Tests.dll" total="11" failures="0" not-run="2" date="2010-01-21" time="10:47:42">
  <environment nunit-version="2.2.8.0" clr-version="2.0.50727.4927" os-version="Microsoft Windows NT 6.1.7600.0" platform="Win32NT" cwd="D:\Home\MassTransit" machine-name="EGQDSPC-2008R2" user="egqdspc" user-domain="NAMCK" />
  <culture-info current-culture="en-US" current-uiculture="en-US" />
  <test-suite name="D:\Home\MassTransit\build_output\MassTransit\MassTransit.LegacySupport.Tests.dll" success="True" time="0.310" asserts="0">
    <results>
      <test-suite name="MassTransit" success="True" time="0.308" asserts="0">
        <results>
          <test-suite name="MassTransit.LegacySupport" success="True" time="0.308" asserts="0">
            <results>
              <test-suite name="MassTransit.LegacySupport.Tests" success="True" time="0.308" asserts="0">
                <results>
                  <test-suite name="MassTransit.LegacySupport.Tests.ListTest" success="True" time="0.005" asserts="0">
                    <results>
                      <test-case name="MassTransit.LegacySupport.Tests.ListTest.HowToTest" executed="False">
                        <reason>
                          <message><![CDATA[]]></message>
                        </reason>
                      </test-case>
                    </results>
                  </test-suite>
                  <test-suite name="MassTransit.LegacySupport.Tests.OldSerializedMessages" success="True" time="0.300" asserts="0">
                    <results>
                      <test-suite name="MassTransit.LegacySupport.Tests.OldSerializedMessages.TestSerialization" success="True" time="0.000" asserts="0">
                        <results />
                      </test-suite>
                      <test-suite name="MassTransit.LegacySupport.Tests.OldSerializedMessages.SerializeAddSubscription" success="True" time="0.284" asserts="0">
                        <results>
                          <test-case name="MassTransit.LegacySupport.Tests.OldSerializedMessages.SerializeAddSubscription.NewToOld" executed="True" success="True" time="0.260" asserts="560" />
                          <test-case name="MassTransit.LegacySupport.Tests.OldSerializedMessages.SerializeAddSubscription.OldToNew" executed="True" success="True" time="0.013" asserts="1" />
                        </results>
                      </test-suite>
                      <test-suite name="MassTransit.LegacySupport.Tests.OldSerializedMessages.SerializeCacheUpdateRequest" success="True" time="0.004" asserts="0">
                        <results>
                          <test-case name="MassTransit.LegacySupport.Tests.OldSerializedMessages.SerializeCacheUpdateRequest.NewToOld" executed="True" success="True" time="0.002" asserts="356" />
                          <test-case name="MassTransit.LegacySupport.Tests.OldSerializedMessages.SerializeCacheUpdateRequest.OldToNew" executed="True" success="True" time="0.001" asserts="1" />
                        </results>
                      </test-suite>
                      <test-suite name="MassTransit.LegacySupport.Tests.OldSerializedMessages.SerializeCacheUpdateResponse" success="True" time="0.003" asserts="0">
                        <results>
                          <test-case name="MassTransit.LegacySupport.Tests.OldSerializedMessages.SerializeCacheUpdateResponse.NewToOld" executed="False">
                            <reason>
                              <message><![CDATA[]]></message>
                            </reason>
                          </test-case>
                          <test-case name="MassTransit.LegacySupport.Tests.OldSerializedMessages.SerializeCacheUpdateResponse.OldToNew" executed="True" success="True" time="0.002" asserts="1" />
                        </results>
                      </test-suite>
                      <test-suite name="MassTransit.LegacySupport.Tests.OldSerializedMessages.SerializeCancelUpdates" success="True" time="0.003" asserts="0">
                        <results>
                          <test-case name="MassTransit.LegacySupport.Tests.OldSerializedMessages.SerializeCancelUpdates.NewToOld" executed="True" success="True" time="0.001" asserts="363" />
                          <test-case name="MassTransit.LegacySupport.Tests.OldSerializedMessages.SerializeCancelUpdates.OldToNew" executed="True" success="True" time="0.001" asserts="1" />
                        </results>
                      </test-suite>
                      <test-suite name="MassTransit.LegacySupport.Tests.OldSerializedMessages.SerializeRemoveSubscription" success="True" time="0.003" asserts="0">
                        <results>
                          <test-case name="MassTransit.LegacySupport.Tests.OldSerializedMessages.SerializeRemoveSubscription.NewToOld" executed="True" success="True" time="0.001" asserts="563" />
                          <test-case name="MassTransit.LegacySupport.Tests.OldSerializedMessages.SerializeRemoveSubscription.OldToNew" executed="True" success="True" time="0.001" asserts="1" />
                        </results>
                      </test-suite>
                      <test-suite name="MassTransit.LegacySupport.Tests.OldSerializedMessages.UriTests" success="True" time="0.002" asserts="0">
                        <results>
                          <test-case name="MassTransit.LegacySupport.Tests.OldSerializedMessages.UriTests.OldToNew" executed="True" success="True" time="0.001" asserts="1" />
                          <test-case name="MassTransit.LegacySupport.Tests.OldSerializedMessages.UriTests.OldToOld" executed="True" success="True" time="0.001" asserts="1" />
                        </results>
                      </test-suite>
                    </results>
                  </test-suite>
                </results>
              </test-suite>
            </results>
          </test-suite>
        </results>
      </test-suite>
    </results>
  </test-suite>
</test-results>