<?xml version="1.0" encoding="utf-8" standalone="no"?>
<!--This file represents the results of running a test suite-->
<test-results name="D:\Home\MassTransit\build_output\MassTransit\MassTransit.TestFramework.dll" total="0" failures="0" not-run="0" date="2010-01-21" time="10:47:42">
  <environment nunit-version="2.2.8.0" clr-version="2.0.50727.4927" os-version="Microsoft Windows NT 6.1.7600.0" platform="Win32NT" cwd="D:\Home\MassTransit" machine-name="EGQDSPC-2008R2" user="egqdspc" user-domain="NAMCK" />
  <culture-info current-culture="en-US" current-uiculture="en-US" />
  <test-suite name="D:\Home\MassTransit\build_output\MassTransit\MassTransit.TestFramework.dll" success="True" time="0.016" asserts="0">
    <results>
      <test-suite name="MassTransit" success="True" time="0.014" asserts="0">
        <results>
          <test-suite name="MassTransit.TestFramework" success="True" time="0.013" asserts="0">
            <results>
              <test-suite name="MassTransit.TestFramework.Fixtures" success="True" time="0.002" asserts="0">
                <results>
                  <test-suite name="MassTransit.TestFramework.Fixtures.AbstractTestFixture" success="True" time="0.000" asserts="0">
                    <results />
                  </test-suite>
                  <test-suite name="MassTransit.TestFramework.Fixtures.EndpointTestFixture`1" success="True" time="0.000" asserts="0">
                    <results />
                  </test-suite>
                  <test-suite name="MassTransit.TestFramework.Fixtures.LocalTestFixture`1" success="True" time="0.000" asserts="0">
                    <results />
                  </test-suite>
                  <test-suite name="MassTransit.TestFramework.Fixtures.SagaTestFixture`1" success="True" time="0.000" asserts="0">
                    <results />
                  </test-suite>
                  <test-suite name="MassTransit.TestFramework.Fixtures.SubscriptionServiceTestFixture`1" success="True" time="0.000" asserts="0">
                    <results />
                  </test-suite>
                  <test-suite name="MassTransit.TestFramework.Fixtures.LocalAndRemoteTestFixture`1" success="True" time="0.000" asserts="0">
                    <results />
                  </test-suite>
                </results>
              </test-suite>
              <test-suite name="MassTransit.TestFramework.Examples" success="True" time="0.002" asserts="0">
                <results>
                  <test-suite name="MassTransit.TestFramework.Examples.Sagas" success="True" time="0.002" asserts="0">
                    <results>
                      <test-suite name="MassTransit.TestFramework.Examples.Sagas.Given_a_simple_saga_does_not_exist" success="True" time="0.000" asserts="0">
                        <results />
                      </test-suite>
                      <test-suite name="MassTransit.TestFramework.Examples.Sagas.Given_a_simple_saga_exists_and_is_waiting_for_approval" success="True" time="0.000" asserts="0">
                        <results />
                      </test-suite>
                      <test-suite name="MassTransit.TestFramework.Examples.Sagas.When_an_approval_message_is_published" success="True" time="0.000" asserts="0">
                        <results />
                      </test-suite>
                      <test-suite name="MassTransit.TestFramework.Examples.Sagas.When_a_start_message_is_received" success="True" time="0.000" asserts="0">
                        <results />
                      </test-suite>
                    </results>
                  </test-suite>
                  <test-suite name="MassTransit.TestFramework.Examples.Given_a_consumer_is_subscribed_to_a_message" success="True" time="0.000" asserts="0">
                    <results />
                  </test-suite>
                  <test-suite name="MassTransit.TestFramework.Examples.Given_a_consumer_is_subscribed_to_a_message_on_a_remote_bus" success="True" time="0.000" asserts="0">
                    <results />
                  </test-suite>
                  <test-suite name="MassTransit.TestFramework.Examples.Given_a_consumer_is_subscribed_to_a_message_on_the_remote_bus" success="True" time="0.000" asserts="0">
                    <results />
                  </test-suite>
                  <test-suite name="MassTransit.TestFramework.Examples.When_a_message_is_published_to_the_bus" success="True" time="0.000" asserts="0">
                    <results />
                  </test-suite>
                  <test-suite name="MassTransit.TestFramework.Examples.When_a_message_is_published_to_the_local_bus" success="True" time="0.000" asserts="0">
                    <results />
                  </test-suite>
                  <test-suite name="MassTransit.TestFramework.Examples.When_a_message_is_sent_to_the_bus_endpoint" success="True" time="0.000" asserts="0">
                    <results />
                  </test-suite>
                  <test-suite name="MassTransit.TestFramework.Examples.When_a_message_is_published_via_the_local_bus" success="True" time="0.000" asserts="0">
                    <results />
                  </test-suite>
                </results>
              </test-suite>
              <test-suite name="MassTransit.TestFramework.Given_a_standalone_service_bus" success="True" time="0.000" asserts="0">
                <results />
              </test-suite>
              <test-suite name="MassTransit.TestFramework.Given_a_subscription_service_and_two_service_buses" success="True" time="0.000" asserts="0">
                <results />
              </test-suite>
              <test-suite name="MassTransit.TestFramework.Given_two_service_buses_with_shared_subscriptions" success="True" time="0.000" asserts="0">
                <results />
              </test-suite>
              <test-suite name="MassTransit.TestFramework.LogSetup" success="True" time="0.001" asserts="0">
                <results />
              </test-suite>
            </results>
          </test-suite>
        </results>
      </test-suite>
    </results>
  </test-suite>
</test-results>